<?xml version="1.0" encoding="utf-8"?><testsuites><testsuite name="pytest" errors="0" failures="0" skipped="0" tests="25" time="16.286" timestamp="2026-09-23T16:49:40.088753-04:00" hostname="TaeB"><testcase classname="tests.test_acquisition" name="test_cached_download_integrity" time="0.045" /><testcase classname="tests.test_acquisition" name="test_publication_parser_selects_raw_columns" time="0.009" /><testcase classname="tests.test_dashboard" name="test_missing_outputs" time="0.005" /><testcase classname="tests.test_dashboard" name="test_loader_and_tampering" time="0.217" /><testcase classname="tests.test_dashboard" name="test_incomplete_run_is_rejected" time="0.077" /><testcase classname="tests.test_enrichment_unavailable" name="test_unavailable_library_writes_honest_empty_outputs" time="0.043" /><testcase classname="tests.test_statistics" name="test_bh_known_values_and_missing" time="0.009" /><testcase classname="tests.test_statistics" name="test_strict_thresholds_direction" time="0.003" /><testcase classname="tests.test_statistics" name="test_ranking_excludes_invalid_and_is_signed" time="0.011" /><testcase classname="tests.test_statistics" name="test_ora_uses_tested_background_and_zero_overlap" time="0.011" /><testcase classname="tests.test_statistics" name="test_gmt_deduplication" time="0.020" /><testcase classname="tests.test_statistics" name="test_paired_count_model_fold_change_direction" time="2.797" /><testcase classname="tests.test_validation" name="test_pairing_and_rank" time="0.033" /><testcase classname="tests.test_validation" name="test_missing_pair" time="0.032" /><testcase classname="tests.test_validation" name="test_duplicate_pair_and_missing_patient" time="0.017" /><testcase classname="tests.test_validation" name="test_metadata_alignment" time="0.041" /><testcase classname="tests.test_validation" name="test_invalid_counts[-1]" time="0.127" /><testcase classname="tests.test_validation" name="test_invalid_counts[0.5]" time="0.018" /><testcase classname="tests.test_validation" name="test_invalid_counts[nan]" time="0.016" /><testcase classname="tests.test_validation" name="test_invalid_counts[inf]" time="0.016" /><testcase classname="tests.test_validation" name="test_duplicate_features_and_nonnumeric" time="0.028" /><testcase classname="tests.test_validation" name="test_filter_boundary" time="0.012" /><testcase classname="tests.test_validation" name="test_representatives_do_not_sum_isoforms" time="0.010" /><testcase classname="tests.test_visualization" name="test_zero_and_missing_q_values" time="0.003" /><testcase classname="tests.test_visualization" name="test_empty_significance_figures" time="8.414" /></testsuite></testsuites>